

Started GET "/" for 127.0.0.1 at 2012-06-28 15:19:49 -0500
Connecting to database specified by database.yml

ActionController::RoutingError (No route matches [GET] "/"):
  actionpack (3.2.6) lib/action_dispatch/middleware/debug_exceptions.rb:21:in `call'
  actionpack (3.2.6) lib/action_dispatch/middleware/show_exceptions.rb:56:in `call'
  railties (3.2.6) lib/rails/rack/logger.rb:26:in `call_app'
  railties (3.2.6) lib/rails/rack/logger.rb:16:in `call'
  actionpack (3.2.6) lib/action_dispatch/middleware/request_id.rb:22:in `call'
  rack (1.4.1) lib/rack/methodoverride.rb:21:in `call'
  rack (1.4.1) lib/rack/runtime.rb:17:in `call'
  activesupport (3.2.6) lib/active_support/cache/strategy/local_cache.rb:72:in `call'
  rack (1.4.1) lib/rack/lock.rb:15:in `call'
  actionpack (3.2.6) lib/action_dispatch/middleware/static.rb:62:in `call'
  railties (3.2.6) lib/rails/engine.rb:479:in `call'
  railties (3.2.6) lib/rails/application.rb:220:in `call'
  rack (1.4.1) lib/rack/content_length.rb:14:in `call'
  railties (3.2.6) lib/rails/rack/log_tailer.rb:17:in `call'
  rack (1.4.1) lib/rack/handler/webrick.rb:59:in `service'
  /home/dantemss/.rvm/rubies/ruby-1.9.3-p194/lib/ruby/1.9.1/webrick/httpserver.rb:138:in `service'
  /home/dantemss/.rvm/rubies/ruby-1.9.3-p194/lib/ruby/1.9.1/webrick/httpserver.rb:94:in `run'
  /home/dantemss/.rvm/rubies/ruby-1.9.3-p194/lib/ruby/1.9.1/webrick/server.rb:191:in `block in start_comment_commontable_thread'


  Rendered /home/dantemss/.rvm/gems/ruby-1.9.3-p194/gems/actionpack-3.2.6/lib/action_dispatch/middleware/templates/rescues/routing_error.erb within rescues/layout (2.3ms)


Started GET "/commontator" for 127.0.0.1 at 2012-06-28 15:20:24 -0500
Connecting to database specified by database.yml

ActionController::RoutingError (No route matches [GET] "/commontator"):
  actionpack (3.2.6) lib/action_dispatch/middleware/debug_exceptions.rb:21:in `call'
  actionpack (3.2.6) lib/action_dispatch/middleware/show_exceptions.rb:56:in `call'
  railties (3.2.6) lib/rails/rack/logger.rb:26:in `call_app'
  railties (3.2.6) lib/rails/rack/logger.rb:16:in `call'
  actionpack (3.2.6) lib/action_dispatch/middleware/request_id.rb:22:in `call'
  rack (1.4.1) lib/rack/methodoverride.rb:21:in `call'
  rack (1.4.1) lib/rack/runtime.rb:17:in `call'
  activesupport (3.2.6) lib/active_support/cache/strategy/local_cache.rb:72:in `call'
  rack (1.4.1) lib/rack/lock.rb:15:in `call'
  actionpack (3.2.6) lib/action_dispatch/middleware/static.rb:62:in `call'
  railties (3.2.6) lib/rails/engine.rb:479:in `call'
  railties (3.2.6) lib/rails/application.rb:220:in `call'
  rack (1.4.1) lib/rack/content_length.rb:14:in `call'
  railties (3.2.6) lib/rails/rack/log_tailer.rb:17:in `call'
  rack (1.4.1) lib/rack/handler/webrick.rb:59:in `service'
  /home/dantemss/.rvm/rubies/ruby-1.9.3-p194/lib/ruby/1.9.1/webrick/httpserver.rb:138:in `service'
  /home/dantemss/.rvm/rubies/ruby-1.9.3-p194/lib/ruby/1.9.1/webrick/httpserver.rb:94:in `run'
  /home/dantemss/.rvm/rubies/ruby-1.9.3-p194/lib/ruby/1.9.1/webrick/server.rb:191:in `block in start_comment_commontable_thread'


  Rendered /home/dantemss/.rvm/gems/ruby-1.9.3-p194/gems/actionpack-3.2.6/lib/action_dispatch/middleware/templates/rescues/routing_error.erb within rescues/layout (2.2ms)


Started GET "/commontator" for 127.0.0.1 at 2012-06-28 15:20:26 -0500

ActionController::RoutingError (No route matches [GET] "/commontator"):
  actionpack (3.2.6) lib/action_dispatch/middleware/debug_exceptions.rb:21:in `call'
  actionpack (3.2.6) lib/action_dispatch/middleware/show_exceptions.rb:56:in `call'
  railties (3.2.6) lib/rails/rack/logger.rb:26:in `call_app'
  railties (3.2.6) lib/rails/rack/logger.rb:16:in `call'
  actionpack (3.2.6) lib/action_dispatch/middleware/request_id.rb:22:in `call'
  rack (1.4.1) lib/rack/methodoverride.rb:21:in `call'
  rack (1.4.1) lib/rack/runtime.rb:17:in `call'
  activesupport (3.2.6) lib/active_support/cache/strategy/local_cache.rb:72:in `call'
  rack (1.4.1) lib/rack/lock.rb:15:in `call'
  actionpack (3.2.6) lib/action_dispatch/middleware/static.rb:62:in `call'
  railties (3.2.6) lib/rails/engine.rb:479:in `call'
  railties (3.2.6) lib/rails/application.rb:220:in `call'
  rack (1.4.1) lib/rack/content_length.rb:14:in `call'
  railties (3.2.6) lib/rails/rack/log_tailer.rb:17:in `call'
  rack (1.4.1) lib/rack/handler/webrick.rb:59:in `service'
  /home/dantemss/.rvm/rubies/ruby-1.9.3-p194/lib/ruby/1.9.1/webrick/httpserver.rb:138:in `service'
  /home/dantemss/.rvm/rubies/ruby-1.9.3-p194/lib/ruby/1.9.1/webrick/httpserver.rb:94:in `run'
  /home/dantemss/.rvm/rubies/ruby-1.9.3-p194/lib/ruby/1.9.1/webrick/server.rb:191:in `block in start_comment_commontable_thread'


  Rendered /home/dantemss/.rvm/gems/ruby-1.9.3-p194/gems/actionpack-3.2.6/lib/action_dispatch/middleware/templates/rescues/routing_error.erb within rescues/layout (0.7ms)
Connecting to database specified by database.yml
  [1m[36m (0.1ms)[0m  [1mselect sqlite_version(*)[0m
  [1m[35m (249.5ms)[0m  CREATE TABLE "schema_migrations" ("version" varchar(255) NOT NULL) 
  [1m[36m (0.1ms)[0m  [1mPRAGMA index_list("schema_migrations")[0m
  [1m[35m (235.0ms)[0m  CREATE UNIQUE INDEX "unique_schema_migrations" ON "schema_migrations" ("version")
  [1m[36m (0.2ms)[0m  [1mSELECT "schema_migrations"."version" FROM "schema_migrations" [0m
Connecting to database specified by database.yml
  [1m[36m (0.2ms)[0m  [1mselect sqlite_version(*)[0m
  [1m[35m (0.1ms)[0m  SELECT "schema_migrations"."version" FROM "schema_migrations" 
Connecting to database specified by database.yml
  [1m[36m (0.1ms)[0m  [1mSELECT "schema_migrations"."version" FROM "schema_migrations" [0m
  [1m[35m (0.1ms)[0m  select sqlite_version(*)
  [1m[36m (223.2ms)[0m  [1mCREATE TABLE "schema_migrations" ("version" varchar(255) NOT NULL) [0m
  [1m[35m (0.1ms)[0m  PRAGMA index_list("schema_migrations")
  [1m[36m (224.2ms)[0m  [1mCREATE UNIQUE INDEX "unique_schema_migrations" ON "schema_migrations" ("version")[0m
  [1m[35m (0.2ms)[0m  SELECT version FROM "schema_migrations"
  [1m[36m (186.3ms)[0m  [1mINSERT INTO "schema_migrations" (version) VALUES ('0')[0m
Connecting to database specified by database.yml
  [1m[36m (0.1ms)[0m  [1mSELECT "schema_migrations"."version" FROM "schema_migrations" [0m
  [1m[35m (0.1ms)[0m  select sqlite_version(*)
  [1m[36m (290.4ms)[0m  [1mCREATE TABLE "schema_migrations" ("version" varchar(255) NOT NULL) [0m
  [1m[35m (0.1ms)[0m  PRAGMA index_list("schema_migrations")
  [1m[36m (240.0ms)[0m  [1mCREATE UNIQUE INDEX "unique_schema_migrations" ON "schema_migrations" ("version")[0m
  [1m[35m (0.1ms)[0m  SELECT version FROM "schema_migrations"
  [1m[36m (202.5ms)[0m  [1mINSERT INTO "schema_migrations" (version) VALUES ('0')[0m
Connecting to database specified by database.yml


Started GET "/" for 127.0.0.1 at 2012-06-29 14:54:30 -0500

ActionController::RoutingError (No route matches [GET] "/"):
  actionpack (3.2.6) lib/action_dispatch/middleware/debug_exceptions.rb:21:in `call'
  actionpack (3.2.6) lib/action_dispatch/middleware/show_exceptions.rb:56:in `call'
  railties (3.2.6) lib/rails/rack/logger.rb:26:in `call_app'
  railties (3.2.6) lib/rails/rack/logger.rb:16:in `call'
  actionpack (3.2.6) lib/action_dispatch/middleware/request_id.rb:22:in `call'
  rack (1.4.1) lib/rack/methodoverride.rb:21:in `call'
  rack (1.4.1) lib/rack/runtime.rb:17:in `call'
  activesupport (3.2.6) lib/active_support/cache/strategy/local_cache.rb:72:in `call'
  rack (1.4.1) lib/rack/lock.rb:15:in `call'
  actionpack (3.2.6) lib/action_dispatch/middleware/static.rb:62:in `call'
  railties (3.2.6) lib/rails/engine.rb:479:in `call'
  railties (3.2.6) lib/rails/application.rb:220:in `call'
  rack (1.4.1) lib/rack/content_length.rb:14:in `call'
  railties (3.2.6) lib/rails/rack/log_tailer.rb:17:in `call'
  rack (1.4.1) lib/rack/handler/webrick.rb:59:in `service'
  /home/dantemss/.rvm/rubies/ruby-1.9.2-p320/lib/ruby/1.9.1/webrick/httpserver.rb:111:in `service'
  /home/dantemss/.rvm/rubies/ruby-1.9.2-p320/lib/ruby/1.9.1/webrick/httpserver.rb:70:in `run'
  /home/dantemss/.rvm/rubies/ruby-1.9.2-p320/lib/ruby/1.9.1/webrick/server.rb:183:in `block in start_comment_commontable_thread'


  Rendered /home/dantemss/.rvm/gems/ruby-1.9.2-p320@osc/gems/actionpack-3.2.6/lib/action_dispatch/middleware/templates/rescues/routing_error.erb within rescues/layout (3.9ms)


Started GET "/commontator" for 127.0.0.1 at 2012-06-29 14:54:34 -0500

ActionController::RoutingError (No route matches [GET] "/commontator"):
  actionpack (3.2.6) lib/action_dispatch/middleware/debug_exceptions.rb:21:in `call'
  actionpack (3.2.6) lib/action_dispatch/middleware/show_exceptions.rb:56:in `call'
  railties (3.2.6) lib/rails/rack/logger.rb:26:in `call_app'
  railties (3.2.6) lib/rails/rack/logger.rb:16:in `call'
  actionpack (3.2.6) lib/action_dispatch/middleware/request_id.rb:22:in `call'
  rack (1.4.1) lib/rack/methodoverride.rb:21:in `call'
  rack (1.4.1) lib/rack/runtime.rb:17:in `call'
  activesupport (3.2.6) lib/active_support/cache/strategy/local_cache.rb:72:in `call'
  rack (1.4.1) lib/rack/lock.rb:15:in `call'
  actionpack (3.2.6) lib/action_dispatch/middleware/static.rb:62:in `call'
  railties (3.2.6) lib/rails/engine.rb:479:in `call'
  railties (3.2.6) lib/rails/application.rb:220:in `call'
  rack (1.4.1) lib/rack/content_length.rb:14:in `call'
  railties (3.2.6) lib/rails/rack/log_tailer.rb:17:in `call'
  rack (1.4.1) lib/rack/handler/webrick.rb:59:in `service'
  /home/dantemss/.rvm/rubies/ruby-1.9.2-p320/lib/ruby/1.9.1/webrick/httpserver.rb:111:in `service'
  /home/dantemss/.rvm/rubies/ruby-1.9.2-p320/lib/ruby/1.9.1/webrick/httpserver.rb:70:in `run'
  /home/dantemss/.rvm/rubies/ruby-1.9.2-p320/lib/ruby/1.9.1/webrick/server.rb:183:in `block in start_comment_commontable_thread'


  Rendered /home/dantemss/.rvm/gems/ruby-1.9.2-p320@osc/gems/actionpack-3.2.6/lib/action_dispatch/middleware/templates/rescues/routing_error.erb within rescues/layout (0.6ms)
Connecting to database specified by database.yml
Connecting to database specified by database.yml
Connecting to database specified by database.yml
Connecting to database specified by database.yml
Connecting to database specified by database.yml
Connecting to database specified by database.yml
Connecting to database specified by database.yml
Connecting to database specified by database.yml
Connecting to database specified by database.yml
Connecting to database specified by database.yml
Connecting to database specified by database.yml
Connecting to database specified by database.yml
Connecting to database specified by database.yml
Connecting to database specified by database.yml
Connecting to database specified by database.yml
Connecting to database specified by database.yml
Connecting to database specified by database.yml
Connecting to database specified by database.yml
Connecting to database specified by database.yml
Connecting to database specified by database.yml
Connecting to database specified by database.yml
Connecting to database specified by database.yml
Connecting to database specified by database.yml
Connecting to database specified by database.yml
Connecting to database specified by database.yml
Connecting to database specified by database.yml
Connecting to database specified by database.yml
Connecting to database specified by database.yml
Connecting to database specified by database.yml
Connecting to database specified by database.yml
Connecting to database specified by database.yml
Connecting to database specified by database.yml
Connecting to database specified by database.yml
Connecting to database specified by database.yml
Connecting to database specified by database.yml
Connecting to database specified by database.yml
Connecting to database specified by database.yml
Connecting to database specified by database.yml
Connecting to database specified by database.yml
Connecting to database specified by database.yml
Connecting to database specified by database.yml
Connecting to database specified by database.yml
Connecting to database specified by database.yml
Connecting to database specified by database.yml
Connecting to database specified by database.yml
Connecting to database specified by database.yml
Connecting to database specified by database.yml
Connecting to database specified by database.yml
Connecting to database specified by database.yml
Connecting to database specified by database.yml
Connecting to database specified by database.yml
Connecting to database specified by database.yml
Connecting to database specified by database.yml
Connecting to database specified by database.yml
Connecting to database specified by database.yml
Connecting to database specified by database.yml
Connecting to database specified by database.yml
Connecting to database specified by database.yml
  [1m[36m (0.1ms)[0m  [1mSELECT "schema_migrations"."version" FROM "schema_migrations" [0m
Migrating to InstallCommontator (20120710213148)
  [1m[35m (0.0ms)[0m  select sqlite_version(*)
  [1m[36m (0.0ms)[0m  [1mbegin transaction[0m
  [1m[35m (0.6ms)[0m  CREATE TABLE "commontator_comments" ("id" INTEGER PRIMARY KEY AUTOINCREMENT NOT NULL, "body" text, "commontator_id" integer, "commontator_type" varchar(255), "deleted_at" datetime, "deleter_id" integer, "deleter_type" varchar(255), "thread_id" integer, "cached_votes_total" integer DEFAULT 0, "cached_votes_up" integer DEFAULT 0, "cached_votes_down" integer DEFAULT 0, "created_at" datetime NOT NULL, "updated_at" datetime NOT NULL) 
  [1m[36m (0.2ms)[0m  [1mCREATE TABLE "commontator_subscriptions" ("id" INTEGER PRIMARY KEY AUTOINCREMENT NOT NULL, "subscriber_id" integer, "subscriber_type" varchar(255), "thread_id" integer, "is_unread" boolean, "created_at" datetime NOT NULL, "updated_at" datetime NOT NULL) [0m
  [1m[35m (0.3ms)[0m  CREATE TABLE "commontator_threads" ("id" INTEGER PRIMARY KEY AUTOINCREMENT NOT NULL, "commontable_id" integer, "commontable_type" varchar(255), "closed_at" datetime, "closer_id" integer, "closer_type" varchar(255), "created_at" datetime NOT NULL, "updated_at" datetime NOT NULL) 
  [1m[36m (0.0ms)[0m  [1mPRAGMA index_list("commontator_comments")[0m
  [1m[35m (0.2ms)[0m  CREATE INDEX "index_c_c_on_c_id_and_c_type_and_t_id" ON "commontator_comments" ("commontator_id", "commontator_type", "thread_id")
  [1m[36m (0.0ms)[0m  [1mPRAGMA index_list("commontator_comments")[0m
  [1m[35m (0.0ms)[0m  PRAGMA index_info('index_c_c_on_c_id_and_c_type_and_t_id')
  [1m[36m (0.1ms)[0m  [1mCREATE INDEX "index_commontator_comments_on_thread_id" ON "commontator_comments" ("thread_id")[0m
  [1m[35m (0.0ms)[0m  PRAGMA index_list("commontator_subscriptions")
  [1m[36m (0.3ms)[0m  [1mCREATE UNIQUE INDEX "index_c_s_on_s_id_and_s_type_and_t_id" ON "commontator_subscriptions" ("subscriber_id", "subscriber_type", "thread_id")[0m
  [1m[35m (0.0ms)[0m  PRAGMA index_list("commontator_subscriptions")
  [1m[36m (0.0ms)[0m  [1mPRAGMA index_info('index_c_s_on_s_id_and_s_type_and_t_id')[0m
  [1m[35m (0.1ms)[0m  CREATE INDEX "index_commontator_subscriptions_on_thread_id" ON "commontator_subscriptions" ("thread_id")
  [1m[36m (0.0ms)[0m  [1mPRAGMA index_list("commontator_threads")[0m
  [1m[35m (0.2ms)[0m  CREATE INDEX "index_commontator_threads_on_commontable_id_and_commontable_type" ON "commontator_threads" ("commontable_id", "commontable_type")
  [1m[36m (0.0ms)[0m  [1mPRAGMA index_list("commontator_comments")[0m
  [1m[35m (0.0ms)[0m  PRAGMA index_info('index_commontator_comments_on_thread_id')
  [1m[36m (0.0ms)[0m  [1mPRAGMA index_info('index_c_c_on_c_id_and_c_type_and_t_id')[0m
  [1m[35m (0.1ms)[0m  CREATE INDEX "index_commontator_comments_on_cached_votes_total" ON "commontator_comments" ("cached_votes_total")
  [1m[36m (0.0ms)[0m  [1mPRAGMA index_list("commontator_comments")[0m
  [1m[35m (0.0ms)[0m  PRAGMA index_info('index_commontator_comments_on_cached_votes_total')
  [1m[36m (0.0ms)[0m  [1mPRAGMA index_info('index_commontator_comments_on_thread_id')[0m
  [1m[35m (0.0ms)[0m  PRAGMA index_info('index_c_c_on_c_id_and_c_type_and_t_id')
  [1m[36m (0.1ms)[0m  [1mCREATE INDEX "index_commontator_comments_on_cached_votes_up" ON "commontator_comments" ("cached_votes_up")[0m
  [1m[35m (0.1ms)[0m  PRAGMA index_list("commontator_comments")
  [1m[36m (0.0ms)[0m  [1mPRAGMA index_info('index_commontator_comments_on_cached_votes_up')[0m
  [1m[35m (0.0ms)[0m  PRAGMA index_info('index_commontator_comments_on_cached_votes_total')
  [1m[36m (0.0ms)[0m  [1mPRAGMA index_info('index_commontator_comments_on_thread_id')[0m
  [1m[35m (0.0ms)[0m  PRAGMA index_info('index_c_c_on_c_id_and_c_type_and_t_id')
  [1m[36m (0.1ms)[0m  [1mCREATE INDEX "index_commontator_comments_on_cached_votes_down" ON "commontator_comments" ("cached_votes_down")[0m
  [1m[35m (0.1ms)[0m  INSERT INTO "schema_migrations" ("version") VALUES ('20120710213148')
  [1m[36m (339.0ms)[0m  [1mcommit transaction[0m
  [1m[35m (0.4ms)[0m  select sqlite_version(*)
  [1m[36m (0.1ms)[0m  [1mSELECT "schema_migrations"."version" FROM "schema_migrations" [0m
  [1m[35m (0.1ms)[0m  PRAGMA index_list("commontator_comments")
  [1m[36m (0.0ms)[0m  [1mPRAGMA index_info('index_commontator_comments_on_cached_votes_down')[0m
  [1m[35m (0.0ms)[0m  PRAGMA index_info('index_commontator_comments_on_cached_votes_up')
  [1m[36m (0.0ms)[0m  [1mPRAGMA index_info('index_commontator_comments_on_cached_votes_total')[0m
  [1m[35m (0.0ms)[0m  PRAGMA index_info('index_commontator_comments_on_thread_id')
  [1m[36m (0.0ms)[0m  [1mPRAGMA index_info('index_c_c_on_c_id_and_c_type_and_t_id')[0m
  [1m[35m (0.0ms)[0m  PRAGMA index_list("commontator_subscriptions")
  [1m[36m (0.0ms)[0m  [1mPRAGMA index_info('index_commontator_subscriptions_on_thread_id')[0m
  [1m[35m (0.0ms)[0m  PRAGMA index_info('index_c_s_on_s_id_and_s_type_and_t_id')
  [1m[36m (0.0ms)[0m  [1mPRAGMA index_list("commontator_threads")[0m
  [1m[35m (0.0ms)[0m  PRAGMA index_info('index_commontator_threads_on_commontable_id_and_commontable_type')
Connecting to database specified by database.yml
Connecting to database specified by database.yml
Connecting to database specified by database.yml
Connecting to database specified by database.yml
Connecting to database specified by database.yml
Connecting to database specified by database.yml
Connecting to database specified by database.yml
Connecting to database specified by database.yml
Connecting to database specified by database.yml
Connecting to database specified by database.yml
Connecting to database specified by database.yml
Connecting to database specified by database.yml
  [1m[36m (0.1ms)[0m  [1mSELECT "schema_migrations"."version" FROM "schema_migrations" [0m
Migrating to InstallCommontator (1)
  [1m[35m (0.0ms)[0m  select sqlite_version(*)
  [1m[36m (0.0ms)[0m  [1mbegin transaction[0m
  [1m[35m (0.2ms)[0m  CREATE TABLE "commontator_comments" ("id" INTEGER PRIMARY KEY AUTOINCREMENT NOT NULL, "body" text, "commontator_id" integer, "commontator_type" varchar(255), "deleted_at" datetime, "deleter_id" integer, "deleter_type" varchar(255), "thread_id" integer, "cached_votes_total" integer DEFAULT 0, "cached_votes_up" integer DEFAULT 0, "cached_votes_down" integer DEFAULT 0, "created_at" datetime NOT NULL, "updated_at" datetime NOT NULL) 
SQLite3::SQLException: table "commontator_comments" already exists: CREATE TABLE "commontator_comments" ("id" INTEGER PRIMARY KEY AUTOINCREMENT NOT NULL, "body" text, "commontator_id" integer, "commontator_type" varchar(255), "deleted_at" datetime, "deleter_id" integer, "deleter_type" varchar(255), "thread_id" integer, "cached_votes_total" integer DEFAULT 0, "cached_votes_up" integer DEFAULT 0, "cached_votes_down" integer DEFAULT 0, "created_at" datetime NOT NULL, "updated_at" datetime NOT NULL) 
  [1m[36m (0.1ms)[0m  [1mrollback transaction[0m
Connecting to database specified by database.yml
  [1m[36m (0.1ms)[0m  [1mselect sqlite_version(*)[0m
  [1m[35m (288.1ms)[0m  CREATE TABLE "schema_migrations" ("version" varchar(255) NOT NULL) 
  [1m[36m (0.1ms)[0m  [1mPRAGMA index_list("schema_migrations")[0m
  [1m[35m (237.9ms)[0m  CREATE UNIQUE INDEX "unique_schema_migrations" ON "schema_migrations" ("version")
  [1m[36m (0.1ms)[0m  [1mSELECT "schema_migrations"."version" FROM "schema_migrations" [0m
Migrating to InstallCommontator (1)
  [1m[35m (0.0ms)[0m  begin transaction
  [1m[36m (0.5ms)[0m  [1mCREATE TABLE "commontator_comments" ("id" INTEGER PRIMARY KEY AUTOINCREMENT NOT NULL, "body" text, "commontator_id" integer, "commontator_type" varchar(255), "deleted_at" datetime, "deleter_id" integer, "deleter_type" varchar(255), "thread_id" integer, "cached_votes_total" integer DEFAULT 0, "cached_votes_up" integer DEFAULT 0, "cached_votes_down" integer DEFAULT 0, "created_at" datetime NOT NULL, "updated_at" datetime NOT NULL) [0m
  [1m[35m (0.2ms)[0m  CREATE TABLE "commontator_subscriptions" ("id" INTEGER PRIMARY KEY AUTOINCREMENT NOT NULL, "subscriber_id" integer, "subscriber_type" varchar(255), "thread_id" integer, "is_unread" boolean, "created_at" datetime NOT NULL, "updated_at" datetime NOT NULL) 
  [1m[36m (0.2ms)[0m  [1mCREATE TABLE "commontator_threads" ("id" INTEGER PRIMARY KEY AUTOINCREMENT NOT NULL, "commontable_id" integer, "commontable_type" varchar(255), "closed_at" datetime, "closer_id" integer, "closer_type" varchar(255), "created_at" datetime NOT NULL, "updated_at" datetime NOT NULL) [0m
  [1m[35m (0.0ms)[0m  PRAGMA index_list("commontator_comments")
  [1m[36m (0.1ms)[0m  [1mCREATE INDEX "index_c_c_on_c_id_and_c_type_and_t_id" ON "commontator_comments" ("commontator_id", "commontator_type", "thread_id")[0m
  [1m[35m (0.0ms)[0m  PRAGMA index_list("commontator_comments")
  [1m[36m (0.0ms)[0m  [1mPRAGMA index_info('index_c_c_on_c_id_and_c_type_and_t_id')[0m
  [1m[35m (0.2ms)[0m  CREATE INDEX "index_commontator_comments_on_thread_id" ON "commontator_comments" ("thread_id")
  [1m[36m (0.0ms)[0m  [1mPRAGMA index_list("commontator_subscriptions")[0m
  [1m[35m (0.2ms)[0m  CREATE UNIQUE INDEX "index_c_s_on_s_id_and_s_type_and_t_id" ON "commontator_subscriptions" ("subscriber_id", "subscriber_type", "thread_id")
  [1m[36m (0.0ms)[0m  [1mPRAGMA index_list("commontator_subscriptions")[0m
  [1m[35m (0.0ms)[0m  PRAGMA index_info('index_c_s_on_s_id_and_s_type_and_t_id')
  [1m[36m (0.1ms)[0m  [1mCREATE INDEX "index_commontator_subscriptions_on_thread_id" ON "commontator_subscriptions" ("thread_id")[0m
  [1m[35m (0.0ms)[0m  PRAGMA index_list("commontator_threads")
  [1m[36m (0.1ms)[0m  [1mCREATE INDEX "index_commontator_threads_on_commontable_id_and_commontable_type" ON "commontator_threads" ("commontable_id", "commontable_type")[0m
  [1m[35m (0.0ms)[0m  PRAGMA index_list("commontator_comments")
  [1m[36m (0.0ms)[0m  [1mPRAGMA index_info('index_commontator_comments_on_thread_id')[0m
  [1m[35m (0.0ms)[0m  PRAGMA index_info('index_c_c_on_c_id_and_c_type_and_t_id')
  [1m[36m (0.2ms)[0m  [1mCREATE INDEX "index_commontator_comments_on_cached_votes_total" ON "commontator_comments" ("cached_votes_total")[0m
  [1m[35m (0.0ms)[0m  PRAGMA index_list("commontator_comments")
  [1m[36m (0.0ms)[0m  [1mPRAGMA index_info('index_commontator_comments_on_cached_votes_total')[0m
  [1m[35m (0.0ms)[0m  PRAGMA index_info('index_commontator_comments_on_thread_id')
  [1m[36m (0.0ms)[0m  [1mPRAGMA index_info('index_c_c_on_c_id_and_c_type_and_t_id')[0m
  [1m[35m (0.2ms)[0m  CREATE INDEX "index_commontator_comments_on_cached_votes_up" ON "commontator_comments" ("cached_votes_up")
  [1m[36m (0.1ms)[0m  [1mPRAGMA index_list("commontator_comments")[0m
  [1m[35m (0.0ms)[0m  PRAGMA index_info('index_commontator_comments_on_cached_votes_up')
  [1m[36m (0.0ms)[0m  [1mPRAGMA index_info('index_commontator_comments_on_cached_votes_total')[0m
  [1m[35m (0.0ms)[0m  PRAGMA index_info('index_commontator_comments_on_thread_id')
  [1m[36m (0.0ms)[0m  [1mPRAGMA index_info('index_c_c_on_c_id_and_c_type_and_t_id')[0m
  [1m[35m (0.2ms)[0m  CREATE INDEX "index_commontator_comments_on_cached_votes_down" ON "commontator_comments" ("cached_votes_down")
  [1m[36m (0.1ms)[0m  [1mINSERT INTO "schema_migrations" ("version") VALUES ('1')[0m
  [1m[35m (362.6ms)[0m  commit transaction
  [1m[36m (0.4ms)[0m  [1mselect sqlite_version(*)[0m
  [1m[35m (0.1ms)[0m  SELECT "schema_migrations"."version" FROM "schema_migrations" 
  [1m[36m (0.0ms)[0m  [1mPRAGMA index_list("commontator_comments")[0m
  [1m[35m (0.0ms)[0m  PRAGMA index_info('index_commontator_comments_on_cached_votes_down')
  [1m[36m (0.0ms)[0m  [1mPRAGMA index_info('index_commontator_comments_on_cached_votes_up')[0m
  [1m[35m (0.0ms)[0m  PRAGMA index_info('index_commontator_comments_on_cached_votes_total')
  [1m[36m (0.0ms)[0m  [1mPRAGMA index_info('index_commontator_comments_on_thread_id')[0m
  [1m[35m (0.0ms)[0m  PRAGMA index_info('index_c_c_on_c_id_and_c_type_and_t_id')
  [1m[36m (0.0ms)[0m  [1mPRAGMA index_list("commontator_subscriptions")[0m
  [1m[35m (0.0ms)[0m  PRAGMA index_info('index_commontator_subscriptions_on_thread_id')
  [1m[36m (0.0ms)[0m  [1mPRAGMA index_info('index_c_s_on_s_id_and_s_type_and_t_id')[0m
  [1m[35m (0.0ms)[0m  PRAGMA index_list("commontator_threads")
  [1m[36m (0.0ms)[0m  [1mPRAGMA index_info('index_commontator_threads_on_commontable_id_and_commontable_type')[0m
Connecting to database specified by database.yml
Connecting to database specified by database.yml
Connecting to database specified by database.yml
Connecting to database specified by database.yml
Connecting to database specified by database.yml
SQLite3::SQLException: no such column: a: SELECT "commontator_comments".* FROM "commontator_comments"  WHERE "commontator_comments"."thread_id" = 1 ORDER BY a
Connecting to database specified by database.yml
Connecting to database specified by database.yml
Connecting to database specified by database.yml
Connecting to database specified by database.yml
Connecting to database specified by database.yml
Connecting to database specified by database.yml
Connecting to database specified by database.yml
Connecting to database specified by database.yml
Connecting to database specified by database.yml
Connecting to database specified by database.yml
Connecting to database specified by database.yml
Connecting to database specified by database.yml
Connecting to database specified by database.yml
Connecting to database specified by database.yml
  [1m[36m (0.1ms)[0m  [1mselect sqlite_version(*)[0m
  [1m[35m (289.0ms)[0m  CREATE TABLE "schema_migrations" ("version" varchar(255) NOT NULL) 
  [1m[36m (0.1ms)[0m  [1mPRAGMA index_list("schema_migrations")[0m
  [1m[35m (265.1ms)[0m  CREATE UNIQUE INDEX "unique_schema_migrations" ON "schema_migrations" ("version")
  [1m[36m (0.1ms)[0m  [1mSELECT "schema_migrations"."version" FROM "schema_migrations" [0m
Migrating to InstallCommontator (1)
  [1m[35m (0.0ms)[0m  begin transaction
  [1m[36m (0.6ms)[0m  [1mCREATE TABLE "commontator_comments" ("id" INTEGER PRIMARY KEY AUTOINCREMENT NOT NULL, "body" text, "creator_id" integer, "creator_type" varchar(255), "deleted_at" datetime, "deleter_id" integer, "deleter_type" varchar(255), "thread_id" integer, "cached_votes_total" integer DEFAULT 0, "cached_votes_up" integer DEFAULT 0, "cached_votes_down" integer DEFAULT 0, "created_at" datetime NOT NULL, "updated_at" datetime NOT NULL) [0m
  [1m[35m (0.2ms)[0m  CREATE TABLE "commontator_subscriptions" ("id" INTEGER PRIMARY KEY AUTOINCREMENT NOT NULL, "subscriber_id" integer, "subscriber_type" varchar(255), "thread_id" integer, "is_unread" boolean, "created_at" datetime NOT NULL, "updated_at" datetime NOT NULL) 
  [1m[36m (0.2ms)[0m  [1mCREATE TABLE "commontator_threads" ("id" INTEGER PRIMARY KEY AUTOINCREMENT NOT NULL, "commontable_id" integer, "commontable_type" varchar(255), "closed_at" datetime, "closer_id" integer, "closer_type" varchar(255), "created_at" datetime NOT NULL, "updated_at" datetime NOT NULL) [0m
  [1m[35m (0.0ms)[0m  PRAGMA index_list("commontator_comments")
  [1m[36m (0.2ms)[0m  [1mCREATE INDEX "index_c_c_on_c_id_and_c_type_and_t_id" ON "commontator_comments" ("creator_id", "creator_type", "thread_id")[0m
  [1m[35m (0.0ms)[0m  PRAGMA index_list("commontator_comments")
  [1m[36m (0.0ms)[0m  [1mPRAGMA index_info('index_c_c_on_c_id_and_c_type_and_t_id')[0m
  [1m[35m (0.2ms)[0m  CREATE INDEX "index_commontator_comments_on_thread_id" ON "commontator_comments" ("thread_id")
  [1m[36m (0.0ms)[0m  [1mPRAGMA index_list("commontator_subscriptions")[0m
  [1m[35m (8.3ms)[0m  CREATE UNIQUE INDEX "index_c_s_on_s_id_and_s_type_and_t_id" ON "commontator_subscriptions" ("subscriber_id", "subscriber_type", "thread_id")
  [1m[36m (0.0ms)[0m  [1mPRAGMA index_list("commontator_subscriptions")[0m
  [1m[35m (0.0ms)[0m  PRAGMA index_info('index_c_s_on_s_id_and_s_type_and_t_id')
  [1m[36m (0.2ms)[0m  [1mCREATE INDEX "index_commontator_subscriptions_on_thread_id" ON "commontator_subscriptions" ("thread_id")[0m
  [1m[35m (0.0ms)[0m  PRAGMA index_list("commontator_threads")
  [1m[36m (0.2ms)[0m  [1mCREATE INDEX "index_commontator_threads_on_commontable_id_and_commontable_type" ON "commontator_threads" ("commontable_id", "commontable_type")[0m
  [1m[35m (0.0ms)[0m  PRAGMA index_list("commontator_comments")
  [1m[36m (0.0ms)[0m  [1mPRAGMA index_info('index_commontator_comments_on_thread_id')[0m
  [1m[35m (0.0ms)[0m  PRAGMA index_info('index_c_c_on_c_id_and_c_type_and_t_id')
  [1m[36m (0.2ms)[0m  [1mCREATE INDEX "index_commontator_comments_on_cached_votes_total" ON "commontator_comments" ("cached_votes_total")[0m
  [1m[35m (0.0ms)[0m  PRAGMA index_list("commontator_comments")
  [1m[36m (0.0ms)[0m  [1mPRAGMA index_info('index_commontator_comments_on_cached_votes_total')[0m
  [1m[35m (0.0ms)[0m  PRAGMA index_info('index_commontator_comments_on_thread_id')
  [1m[36m (0.0ms)[0m  [1mPRAGMA index_info('index_c_c_on_c_id_and_c_type_and_t_id')[0m
  [1m[35m (0.2ms)[0m  CREATE INDEX "index_commontator_comments_on_cached_votes_up" ON "commontator_comments" ("cached_votes_up")
  [1m[36m (0.0ms)[0m  [1mPRAGMA index_list("commontator_comments")[0m
  [1m[35m (0.0ms)[0m  PRAGMA index_info('index_commontator_comments_on_cached_votes_up')
  [1m[36m (0.0ms)[0m  [1mPRAGMA index_info('index_commontator_comments_on_cached_votes_total')[0m
  [1m[35m (0.0ms)[0m  PRAGMA index_info('index_commontator_comments_on_thread_id')
  [1m[36m (0.0ms)[0m  [1mPRAGMA index_info('index_c_c_on_c_id_and_c_type_and_t_id')[0m
  [1m[35m (0.1ms)[0m  CREATE INDEX "index_commontator_comments_on_cached_votes_down" ON "commontator_comments" ("cached_votes_down")
  [1m[36m (0.1ms)[0m  [1mINSERT INTO "schema_migrations" ("version") VALUES ('1')[0m
  [1m[35m (317.7ms)[0m  commit transaction
  [1m[36m (0.4ms)[0m  [1mselect sqlite_version(*)[0m
  [1m[35m (0.1ms)[0m  SELECT "schema_migrations"."version" FROM "schema_migrations" 
  [1m[36m (0.1ms)[0m  [1mPRAGMA index_list("commontator_comments")[0m
  [1m[35m (0.0ms)[0m  PRAGMA index_info('index_commontator_comments_on_cached_votes_down')
  [1m[36m (0.0ms)[0m  [1mPRAGMA index_info('index_commontator_comments_on_cached_votes_up')[0m
  [1m[35m (0.0ms)[0m  PRAGMA index_info('index_commontator_comments_on_cached_votes_total')
  [1m[36m (0.0ms)[0m  [1mPRAGMA index_info('index_commontator_comments_on_thread_id')[0m
  [1m[35m (0.0ms)[0m  PRAGMA index_info('index_c_c_on_c_id_and_c_type_and_t_id')
  [1m[36m (0.0ms)[0m  [1mPRAGMA index_list("commontator_subscriptions")[0m
  [1m[35m (0.0ms)[0m  PRAGMA index_info('index_commontator_subscriptions_on_thread_id')
  [1m[36m (0.0ms)[0m  [1mPRAGMA index_info('index_c_s_on_s_id_and_s_type_and_t_id')[0m
  [1m[35m (0.0ms)[0m  PRAGMA index_list("commontator_threads")
  [1m[36m (0.0ms)[0m  [1mPRAGMA index_info('index_commontator_threads_on_commontable_id_and_commontable_type')[0m
Connecting to database specified by database.yml
Connecting to database specified by database.yml
Connecting to database specified by database.yml
Connecting to database specified by database.yml
Connecting to database specified by database.yml
Connecting to database specified by database.yml
  [1m[36m (0.1ms)[0m  [1mSELECT "schema_migrations"."version" FROM "schema_migrations" [0m
  [1m[35m (0.2ms)[0m  select sqlite_version(*)
  [1m[36m (238.0ms)[0m  [1mCREATE TABLE "commontator_comments" ("id" INTEGER PRIMARY KEY AUTOINCREMENT NOT NULL, "body" text, "creator_id" integer, "creator_type" varchar(255), "deleted_at" datetime, "deleter_id" integer, "deleter_type" varchar(255), "thread_id" integer, "cached_votes_total" integer DEFAULT 0, "cached_votes_up" integer DEFAULT 0, "cached_votes_down" integer DEFAULT 0, "created_at" datetime NOT NULL, "updated_at" datetime NOT NULL) [0m
  [1m[35m (0.1ms)[0m  PRAGMA index_list("commontator_comments")
  [1m[36m (224.1ms)[0m  [1mCREATE INDEX "index_commontator_comments_on_cached_votes_down" ON "commontator_comments" ("cached_votes_down")[0m
  [1m[35m (0.1ms)[0m  PRAGMA index_list("commontator_comments")
  [1m[36m (0.0ms)[0m  [1mPRAGMA index_info('index_commontator_comments_on_cached_votes_down')[0m
  [1m[35m (232.6ms)[0m  CREATE INDEX "index_commontator_comments_on_cached_votes_total" ON "commontator_comments" ("cached_votes_total")
  [1m[36m (0.1ms)[0m  [1mPRAGMA index_list("commontator_comments")[0m
  [1m[35m (0.1ms)[0m  PRAGMA index_info('index_commontator_comments_on_cached_votes_total')
  [1m[36m (0.0ms)[0m  [1mPRAGMA index_info('index_commontator_comments_on_cached_votes_down')[0m
  [1m[35m (232.1ms)[0m  CREATE INDEX "index_commontator_comments_on_cached_votes_up" ON "commontator_comments" ("cached_votes_up")
  [1m[36m (0.1ms)[0m  [1mPRAGMA index_list("commontator_comments")[0m
  [1m[35m (0.0ms)[0m  PRAGMA index_info('index_commontator_comments_on_cached_votes_up')
  [1m[36m (0.0ms)[0m  [1mPRAGMA index_info('index_commontator_comments_on_cached_votes_total')[0m
  [1m[35m (0.0ms)[0m  PRAGMA index_info('index_commontator_comments_on_cached_votes_down')
  [1m[36m (240.6ms)[0m  [1mCREATE INDEX "index_c_c_on_c_id_and_c_type_and_t_id" ON "commontator_comments" ("creator_id", "creator_type", "thread_id")[0m
  [1m[35m (0.1ms)[0m  PRAGMA index_list("commontator_comments")
  [1m[36m (0.1ms)[0m  [1mPRAGMA index_info('index_c_c_on_c_id_and_c_type_and_t_id')[0m
  [1m[35m (0.1ms)[0m  PRAGMA index_info('index_commontator_comments_on_cached_votes_up')
  [1m[36m (0.1ms)[0m  [1mPRAGMA index_info('index_commontator_comments_on_cached_votes_total')[0m
  [1m[35m (0.1ms)[0m  PRAGMA index_info('index_commontator_comments_on_cached_votes_down')
  [1m[36m (239.9ms)[0m  [1mCREATE INDEX "index_commontator_comments_on_thread_id" ON "commontator_comments" ("thread_id")[0m
  [1m[35m (265.4ms)[0m  CREATE TABLE "commontator_subscriptions" ("id" INTEGER PRIMARY KEY AUTOINCREMENT NOT NULL, "subscriber_id" integer, "subscriber_type" varchar(255), "thread_id" integer, "is_unread" boolean, "created_at" datetime NOT NULL, "updated_at" datetime NOT NULL) 
  [1m[36m (0.1ms)[0m  [1mPRAGMA index_list("commontator_subscriptions")[0m
  [1m[35m (300.9ms)[0m  CREATE UNIQUE INDEX "index_c_s_on_s_id_and_s_type_and_t_id" ON "commontator_subscriptions" ("subscriber_id", "subscriber_type", "thread_id")
  [1m[36m (0.1ms)[0m  [1mPRAGMA index_list("commontator_subscriptions")[0m
  [1m[35m (0.0ms)[0m  PRAGMA index_info('index_c_s_on_s_id_and_s_type_and_t_id')
  [1m[36m (241.0ms)[0m  [1mCREATE INDEX "index_commontator_subscriptions_on_thread_id" ON "commontator_subscriptions" ("thread_id")[0m
  [1m[35m (253.8ms)[0m  CREATE TABLE "commontator_threads" ("id" INTEGER PRIMARY KEY AUTOINCREMENT NOT NULL, "commontable_id" integer, "commontable_type" varchar(255), "closed_at" datetime, "closer_id" integer, "closer_type" varchar(255), "created_at" datetime NOT NULL, "updated_at" datetime NOT NULL) 
  [1m[36m (0.1ms)[0m  [1mPRAGMA index_list("commontator_threads")[0m
  [1m[35m (249.0ms)[0m  CREATE INDEX "index_commontator_threads_on_commontable_id_and_commontable_type" ON "commontator_threads" ("commontable_id", "commontable_type")
  [1m[36m (274.1ms)[0m  [1mCREATE TABLE "schema_migrations" ("version" varchar(255) NOT NULL) [0m
  [1m[35m (0.1ms)[0m  PRAGMA index_list("schema_migrations")
  [1m[36m (257.4ms)[0m  [1mCREATE UNIQUE INDEX "unique_schema_migrations" ON "schema_migrations" ("version")[0m
  [1m[35m (0.1ms)[0m  SELECT version FROM "schema_migrations"
  [1m[36m (206.3ms)[0m  [1mINSERT INTO "schema_migrations" (version) VALUES ('1')[0m
Connecting to database specified by database.yml
  [1m[36m (0.1ms)[0m  [1mSELECT "schema_migrations"."version" FROM "schema_migrations" [0m
  [1m[35m (0.2ms)[0m  select sqlite_version(*)
  [1m[36m (250.0ms)[0m  [1mCREATE TABLE "commontator_comments" ("id" INTEGER PRIMARY KEY AUTOINCREMENT NOT NULL, "body" text, "creator_id" integer, "creator_type" varchar(255), "deleted_at" datetime, "deleter_id" integer, "deleter_type" varchar(255), "thread_id" integer, "cached_votes_total" integer DEFAULT 0, "cached_votes_up" integer DEFAULT 0, "cached_votes_down" integer DEFAULT 0, "created_at" datetime NOT NULL, "updated_at" datetime NOT NULL) [0m
  [1m[35m (0.1ms)[0m  PRAGMA index_list("commontator_comments")
  [1m[36m (223.5ms)[0m  [1mCREATE INDEX "index_commontator_comments_on_cached_votes_down" ON "commontator_comments" ("cached_votes_down")[0m
  [1m[35m (0.1ms)[0m  PRAGMA index_list("commontator_comments")
  [1m[36m (0.0ms)[0m  [1mPRAGMA index_info('index_commontator_comments_on_cached_votes_down')[0m
  [1m[35m (232.5ms)[0m  CREATE INDEX "index_commontator_comments_on_cached_votes_total" ON "commontator_comments" ("cached_votes_total")
  [1m[36m (0.1ms)[0m  [1mPRAGMA index_list("commontator_comments")[0m
  [1m[35m (0.0ms)[0m  PRAGMA index_info('index_commontator_comments_on_cached_votes_total')
  [1m[36m (0.0ms)[0m  [1mPRAGMA index_info('index_commontator_comments_on_cached_votes_down')[0m
  [1m[35m (249.0ms)[0m  CREATE INDEX "index_commontator_comments_on_cached_votes_up" ON "commontator_comments" ("cached_votes_up")
  [1m[36m (0.1ms)[0m  [1mPRAGMA index_list("commontator_comments")[0m
  [1m[35m (0.0ms)[0m  PRAGMA index_info('index_commontator_comments_on_cached_votes_up')
  [1m[36m (0.0ms)[0m  [1mPRAGMA index_info('index_commontator_comments_on_cached_votes_total')[0m
  [1m[35m (0.0ms)[0m  PRAGMA index_info('index_commontator_comments_on_cached_votes_down')
  [1m[36m (222.2ms)[0m  [1mCREATE INDEX "index_c_c_on_c_id_and_c_type_and_t_id" ON "commontator_comments" ("creator_id", "creator_type", "thread_id")[0m
  [1m[35m (0.1ms)[0m  PRAGMA index_list("commontator_comments")
  [1m[36m (0.0ms)[0m  [1mPRAGMA index_info('index_c_c_on_c_id_and_c_type_and_t_id')[0m
  [1m[35m (0.0ms)[0m  PRAGMA index_info('index_commontator_comments_on_cached_votes_up')
  [1m[36m (0.0ms)[0m  [1mPRAGMA index_info('index_commontator_comments_on_cached_votes_total')[0m
  [1m[35m (0.0ms)[0m  PRAGMA index_info('index_commontator_comments_on_cached_votes_down')
  [1m[36m (223.8ms)[0m  [1mCREATE INDEX "index_commontator_comments_on_thread_id" ON "commontator_comments" ("thread_id")[0m
  [1m[35m (216.8ms)[0m  CREATE TABLE "commontator_subscriptions" ("id" INTEGER PRIMARY KEY AUTOINCREMENT NOT NULL, "subscriber_id" integer, "subscriber_type" varchar(255), "thread_id" integer, "is_unread" boolean, "created_at" datetime NOT NULL, "updated_at" datetime NOT NULL) 
  [1m[36m (0.1ms)[0m  [1mPRAGMA index_list("commontator_subscriptions")[0m
  [1m[35m (233.1ms)[0m  CREATE UNIQUE INDEX "index_c_s_on_s_id_and_s_type_and_t_id" ON "commontator_subscriptions" ("subscriber_id", "subscriber_type", "thread_id")
  [1m[36m (0.2ms)[0m  [1mPRAGMA index_list("commontator_subscriptions")[0m
  [1m[35m (0.1ms)[0m  PRAGMA index_info('index_c_s_on_s_id_and_s_type_and_t_id')
  [1m[36m (230.8ms)[0m  [1mCREATE INDEX "index_commontator_subscriptions_on_thread_id" ON "commontator_subscriptions" ("thread_id")[0m
  [1m[35m (240.4ms)[0m  CREATE TABLE "commontator_threads" ("id" INTEGER PRIMARY KEY AUTOINCREMENT NOT NULL, "commontable_id" integer, "commontable_type" varchar(255), "closed_at" datetime, "closer_id" integer, "closer_type" varchar(255), "created_at" datetime NOT NULL, "updated_at" datetime NOT NULL) 
  [1m[36m (0.1ms)[0m  [1mPRAGMA index_list("commontator_threads")[0m
  [1m[35m (224.4ms)[0m  CREATE INDEX "index_commontator_threads_on_commontable_id_and_commontable_type" ON "commontator_threads" ("commontable_id", "commontable_type")
  [1m[36m (232.9ms)[0m  [1mCREATE TABLE "schema_migrations" ("version" varchar(255) NOT NULL) [0m
  [1m[35m (0.1ms)[0m  PRAGMA index_list("schema_migrations")
  [1m[36m (283.2ms)[0m  [1mCREATE UNIQUE INDEX "unique_schema_migrations" ON "schema_migrations" ("version")[0m
  [1m[35m (0.1ms)[0m  SELECT version FROM "schema_migrations"
  [1m[36m (197.0ms)[0m  [1mINSERT INTO "schema_migrations" (version) VALUES ('1')[0m
